# JRE version: Java(TM) SE Runtime Environment (8.0_66-b18) (build 1.8.0_66-b18)
# Java VM: Java HotSpot(TM) 64-Bit Server VM (25.66-b18 mixed mode windows-amd64 compressed oops)
Heap:
 PSYoungGen      total 97280K, used 33135K [0x00000000f5580000, 0x00000000fd200000, 0x0000000100000000)
  eden space 67072K, 49% used [0x00000000f5580000,0x00000000f75dbff8,0x00000000f9700000)
  from space 30208K, 0% used [0x00000000fb480000,0x00000000fb480000,0x00000000fd200000)
  to   space 30208K, 0% used [0x00000000f9700000,0x00000000f9700000,0x00000000fb480000)
 ParOldGen       total 121856K, used 60630K [0x00000000e0000000, 0x00000000e7700000, 0x00000000f5580000)
  object space 121856K, 49% used [0x00000000e0000000,0x00000000e3b35a28,0x00000000e7700000)
 Metaspace       used 81963K, capacity 89420K, committed 89560K, reserved 1126400K
  class space    used 9959K, capacity 12200K, committed 12248K, reserved 1048576K
GC Heap History (10 events):
Event: 65.248 GC heap before
{Heap before GC invocations=15 (full 3):
 PSYoungGen      total 82944K, used 77717K [0x00000000f5580000, 0x00000000fc880000, 0x0000000100000000)
  eden space 59904K, 100% used [0x00000000f5580000,0x00000000f9000000,0x00000000f9000000)
  from space 23040K, 77% used [0x00000000f9000000,0x00000000fa165478,0x00000000fa680000)
  to   space 24576K, 0% used [0x00000000fb080000,0x00000000fb080000,0x00000000fc880000)
 ParOldGen       total 121856K, used 43374K [0x00000000e0000000, 0x00000000e7700000, 0x00000000f5580000)
  object space 121856K, 35% used [0x00000000e0000000,0x00000000e2a5b888,0x00000000e7700000)
 Metaspace       used 76030K, capacity 82870K, committed 83032K, reserved 1120256K
  class space    used 9254K, capacity 11322K, committed 11352K, reserved 1048576K
Event: 65.265 GC heap after
Heap after GC invocations=15 (full 3):
 PSYoungGen      total 88576K, used 24558K [0x00000000f5580000, 0x00000000fd000000, 0x0000000100000000)
  eden space 64000K, 0% used [0x00000000f5580000,0x00000000f5580000,0x00000000f9400000)
  from space 24576K, 99% used [0x00000000fb080000,0x00000000fc87ba88,0x00000000fc880000)
  to   space 29184K, 0% used [0x00000000f9400000,0x00000000f9400000,0x00000000fb080000)
 ParOldGen       total 121856K, used 47036K [0x00000000e0000000, 0x00000000e7700000, 0x00000000f5580000)
  object space 121856K, 38% used [0x00000000e0000000,0x00000000e2def2f0,0x00000000e7700000)
 Metaspace       used 76030K, capacity 82870K, committed 83032K, reserved 1120256K
  class space    used 9254K, capacity 11322K, committed 11352K, reserved 1048576K
}
Event: 69.968 GC heap before
{Heap before GC invocations=16 (full 3):
 PSYoungGen      total 88576K, used 31819K [0x00000000f5580000, 0x00000000fd000000, 0x0000000100000000)
  eden space 64000K, 11% used [0x00000000f5580000,0x00000000f5c97520,0x00000000f9400000)
  from space 24576K, 99% used [0x00000000fb080000,0x00000000fc87ba88,0x00000000fc880000)
  to   space 29184K, 0% used [0x00000000f9400000,0x00000000f9400000,0x00000000fb080000)
 ParOldGen       total 121856K, used 47036K [0x00000000e0000000, 0x00000000e7700000, 0x00000000f5580000)
  object space 121856K, 38% used [0x00000000e0000000,0x00000000e2def2f0,0x00000000e7700000)
 Metaspace       used 76537K, capacity 83626K, committed 83672K, reserved 1122304K
  class space    used 9326K, capacity 11472K, committed 11480K, reserved 1048576K
Event: 69.976 GC heap after
Heap after GC invocations=16 (full 3):
 PSYoungGen      total 93184K, used 21056K [0x00000000f5580000, 0x00000000fd200000, 0x0000000100000000)
  eden space 64000K, 0% used [0x00000000f5580000,0x00000000f5580000,0x00000000f9400000)
  from space 29184K, 72% used [0x00000000f9400000,0x00000000fa890098,0x00000000fb080000)
  to   space 30208K, 0% used [0x00000000fb480000,0x00000000fb480000,0x00000000fd200000)
 ParOldGen       total 121856K, used 47044K [0x00000000e0000000, 0x00000000e7700000, 0x00000000f5580000)
  object space 121856K, 38% used [0x00000000e0000000,0x00000000e2df12f0,0x00000000e7700000)
 Metaspace       used 76537K, capacity 83626K, committed 83672K, reserved 1122304K
  class space    used 9326K, capacity 11472K, committed 11480K, reserved 1048576K
}
Event: 69.976 GC heap before
{Heap before GC invocations=17 (full 4):
 PSYoungGen      total 93184K, used 21056K [0x00000000f5580000, 0x00000000fd200000, 0x0000000100000000)
  eden space 64000K, 0% used [0x00000000f5580000,0x00000000f5580000,0x00000000f9400000)
  from space 29184K, 72% used [0x00000000f9400000,0x00000000fa890098,0x00000000fb080000)
  to   space 30208K, 0% used [0x00000000fb480000,0x00000000fb480000,0x00000000fd200000)
 ParOldGen       total 121856K, used 47044K [0x00000000e0000000, 0x00000000e7700000, 0x00000000f5580000)
  object space 121856K, 38% used [0x00000000e0000000,0x00000000e2df12f0,0x00000000e7700000)
 Metaspace       used 76537K, capacity 83626K, committed 83672K, reserved 1122304K
  class space    used 9326K, capacity 11472K, committed 11480K, reserved 1048576K
Event: 70.228 GC heap after
Heap after GC invocations=17 (full 4):
 PSYoungGen      total 93184K, used 0K [0x00000000f5580000, 0x00000000fd200000, 0x0000000100000000)
  eden space 64000K, 0% used [0x00000000f5580000,0x00000000f5580000,0x00000000f9400000)
  from space 29184K, 0% used [0x00000000f9400000,0x00000000f9400000,0x00000000fb080000)
  to   space 30208K, 0% used [0x00000000fb480000,0x00000000fb480000,0x00000000fd200000)
 ParOldGen       total 121856K, used 56647K [0x00000000e0000000, 0x00000000e7700000, 0x00000000f5580000)
  object space 121856K, 46% used [0x00000000e0000000,0x00000000e3751d28,0x00000000e7700000)
 Metaspace       used 76537K, capacity 83626K, committed 83672K, reserved 1122304K
  class space    used 9326K, capacity 11472K, committed 11480K, reserved 1048576K
}
Event: 129.981 GC heap before
{Heap before GC invocations=18 (full 4):
 PSYoungGen      total 93184K, used 54648K [0x00000000f5580000, 0x00000000fd200000, 0x0000000100000000)
  eden space 64000K, 85% used [0x00000000f5580000,0x00000000f8ade2c8,0x00000000f9400000)
  from space 29184K, 0% used [0x00000000f9400000,0x00000000f9400000,0x00000000fb080000)
  to   space 30208K, 0% used [0x00000000fb480000,0x00000000fb480000,0x00000000fd200000)
 ParOldGen       total 121856K, used 56647K [0x00000000e0000000, 0x00000000e7700000, 0x00000000f5580000)
  object space 121856K, 46% used [0x00000000e0000000,0x00000000e3751d28,0x00000000e7700000)
 Metaspace       used 80415K, capacity 87868K, committed 88152K, reserved 1126400K
  class space    used 9799K, capacity 12070K, committed 12120K, reserved 1048576K
Event: 129.987 GC heap after
Heap after GC invocations=18 (full 4):
 PSYoungGen      total 97280K, used 5563K [0x00000000f5580000, 0x00000000fd200000, 0x0000000100000000)
  eden space 67072K, 0% used [0x00000000f5580000,0x00000000f5580000,0x00000000f9700000)
  from space 30208K, 18% used [0x00000000fb480000,0x00000000fb9eec50,0x00000000fd200000)
  to   space 30208K, 0% used [0x00000000f9700000,0x00000000f9700000,0x00000000fb480000)
 ParOldGen       total 121856K, used 56655K [0x00000000e0000000, 0x00000000e7700000, 0x00000000f5580000)
  object space 121856K, 46% used [0x00000000e0000000,0x00000000e3753d28,0x00000000e7700000)
 Metaspace       used 80415K, capacity 87868K, committed 88152K, reserved 1126400K
  class space    used 9799K, capacity 12070K, committed 12120K, reserved 1048576K
}
Event: 129.987 GC heap before
{Heap before GC invocations=19 (full 5):
 PSYoungGen      total 97280K, used 5563K [0x00000000f5580000, 0x00000000fd200000, 0x0000000100000000)
  eden space 67072K, 0% used [0x00000000f5580000,0x00000000f5580000,0x00000000f9700000)
  from space 30208K, 18% used [0x00000000fb480000,0x00000000fb9eec50,0x00000000fd200000)
  to   space 30208K, 0% used [0x00000000f9700000,0x00000000f9700000,0x00000000fb480000)
 ParOldGen       total 121856K, used 56655K [0x00000000e0000000, 0x00000000e7700000, 0x00000000f5580000)
  object space 121856K, 46% used [0x00000000e0000000,0x00000000e3753d28,0x00000000e7700000)
 Metaspace       used 80415K, capacity 87868K, committed 88152K, reserved 1126400K
  class space    used 9799K, capacity 12070K, committed 12120K, reserved 1048576K
Event: 130.370 GC heap after
Heap after GC invocations=19 (full 5):
 PSYoungGen      total 97280K, used 0K [0x00000000f5580000, 0x00000000fd200000, 0x0000000100000000)
  eden space 67072K, 0% used [0x00000000f5580000,0x00000000f5580000,0x00000000f9700000)
  from space 30208K, 0% used [0x00000000fb480000,0x00000000fb480000,0x00000000fd200000)
  to   space 30208K, 0% used [0x00000000f9700000,0x00000000f9700000,0x00000000fb480000)
 ParOldGen       total 121856K, used 60630K [0x00000000e0000000, 0x00000000e7700000, 0x00000000f5580000)
  object space 121856K, 49% used [0x00000000e0000000,0x00000000e3b35a28,0x00000000e7700000)
 Metaspace       used 80415K, capacity 87868K, committed 88152K, reserved 1126400K
  class space    used 9799K, capacity 12070K, committed 12120K, reserved 1048576K
}

