# JRE version: Java(TM) SE Runtime Environment (8.0_66-b18) (build 1.8.0_66-b18)
# Java VM: Java HotSpot(TM) 64-Bit Server VM (25.66-b18 mixed mode windows-amd64 compressed oops)
Heap:
 PSYoungGen      total 112640K, used 53151K [0x00000000f5580000, 0x00000000fe580000, 0x0000000100000000)
  eden space 82432K, 57% used [0x00000000f5580000,0x00000000f83ea2d8,0x00000000fa600000)
  from space 30208K, 18% used [0x00000000fc200000,0x00000000fc77d978,0x00000000fdf80000)
  to   space 28672K, 0% used [0x00000000fa600000,0x00000000fa600000,0x00000000fc200000)
 ParOldGen       total 115200K, used 57133K [0x00000000e0000000, 0x00000000e7080000, 0x00000000f5580000)
  object space 115200K, 49% used [0x00000000e0000000,0x00000000e37cb400,0x00000000e7080000)
 Metaspace       used 82732K, capacity 90092K, committed 90416K, reserved 1128448K
  class space    used 9979K, capacity 12236K, committed 12336K, reserved 1048576K
GC Heap History (10 events):
Event: 308.150 GC heap before
{Heap before GC invocations=25 (full 7):
 PSYoungGen      total 111616K, used 9321K [0x00000000f5580000, 0x00000000fe180000, 0x0000000100000000)
  eden space 80384K, 11% used [0x00000000f5580000,0x00000000f5e9a5e8,0x00000000fa400000)
  from space 31232K, 0% used [0x00000000fa400000,0x00000000fa400000,0x00000000fc280000)
  to   space 31232K, 0% used [0x00000000fc300000,0x00000000fc300000,0x00000000fe180000)
 ParOldGen       total 115200K, used 56340K [0x00000000e0000000, 0x00000000e7080000, 0x00000000f5580000)
  object space 115200K, 48% used [0x00000000e0000000,0x00000000e37053e8,0x00000000e7080000)
 Metaspace       used 78115K, capacity 84874K, committed 85168K, reserved 1122304K
  class space    used 9483K, capacity 11572K, committed 11696K, reserved 1048576K
Event: 308.153 GC heap after
Heap after GC invocations=25 (full 7):
 PSYoungGen      total 111104K, used 960K [0x00000000f5580000, 0x00000000fe080000, 0x0000000100000000)
  eden space 80896K, 0% used [0x00000000f5580000,0x00000000f5580000,0x00000000fa480000)
  from space 30208K, 3% used [0x00000000fc300000,0x00000000fc3f0000,0x00000000fe080000)
  to   space 30720K, 0% used [0x00000000fa480000,0x00000000fa480000,0x00000000fc280000)
 ParOldGen       total 115200K, used 56412K [0x00000000e0000000, 0x00000000e7080000, 0x00000000f5580000)
  object space 115200K, 48% used [0x00000000e0000000,0x00000000e37173f8,0x00000000e7080000)
 Metaspace       used 78115K, capacity 84874K, committed 85168K, reserved 1122304K
  class space    used 9483K, capacity 11572K, committed 11696K, reserved 1048576K
}
Event: 308.153 GC heap before
{Heap before GC invocations=26 (full 8):
 PSYoungGen      total 111104K, used 960K [0x00000000f5580000, 0x00000000fe080000, 0x0000000100000000)
  eden space 80896K, 0% used [0x00000000f5580000,0x00000000f5580000,0x00000000fa480000)
  from space 30208K, 3% used [0x00000000fc300000,0x00000000fc3f0000,0x00000000fe080000)
  to   space 30720K, 0% used [0x00000000fa480000,0x00000000fa480000,0x00000000fc280000)
 ParOldGen       total 115200K, used 56412K [0x00000000e0000000, 0x00000000e7080000, 0x00000000f5580000)
  object space 115200K, 48% used [0x00000000e0000000,0x00000000e37173f8,0x00000000e7080000)
 Metaspace       used 78115K, capacity 84874K, committed 85168K, reserved 1122304K
  class space    used 9483K, capacity 11572K, committed 11696K, reserved 1048576K
Event: 308.330 GC heap after
Heap after GC invocations=26 (full 8):
 PSYoungGen      total 111104K, used 0K [0x00000000f5580000, 0x00000000fe080000, 0x0000000100000000)
  eden space 80896K, 0% used [0x00000000f5580000,0x00000000f5580000,0x00000000fa480000)
  from space 30208K, 0% used [0x00000000fc300000,0x00000000fc300000,0x00000000fe080000)
  to   space 30720K, 0% used [0x00000000fa480000,0x00000000fa480000,0x00000000fc280000)
 ParOldGen       total 115200K, used 57149K [0x00000000e0000000, 0x00000000e7080000, 0x00000000f5580000)
  object space 115200K, 49% used [0x00000000e0000000,0x00000000e37cf438,0x00000000e7080000)
 Metaspace       used 78115K, capacity 84874K, committed 85168K, reserved 1122304K
  class space    used 9483K, capacity 11572K, committed 11696K, reserved 1048576K
}
Event: 368.166 GC heap before
{Heap before GC invocations=27 (full 8):
 PSYoungGen      total 111104K, used 6905K [0x00000000f5580000, 0x00000000fe080000, 0x0000000100000000)
  eden space 80896K, 8% used [0x00000000f5580000,0x00000000f5c3e548,0x00000000fa480000)
  from space 30208K, 0% used [0x00000000fc300000,0x00000000fc300000,0x00000000fe080000)
  to   space 30720K, 0% used [0x00000000fa480000,0x00000000fa480000,0x00000000fc280000)
 ParOldGen       total 115200K, used 57149K [0x00000000e0000000, 0x00000000e7080000, 0x00000000f5580000)
  object space 115200K, 49% used [0x00000000e0000000,0x00000000e37cf438,0x00000000e7080000)
 Metaspace       used 78393K, capacity 85130K, committed 85424K, reserved 1122304K
  class space    used 9503K, capacity 11572K, committed 11696K, reserved 1048576K
Event: 368.169 GC heap after
Heap after GC invocations=27 (full 8):
 PSYoungGen      total 81408K, used 495K [0x00000000f5580000, 0x00000000fdf80000, 0x0000000100000000)
  eden space 80896K, 0% used [0x00000000f5580000,0x00000000f5580000,0x00000000fa480000)
  from space 512K, 96% used [0x00000000fa480000,0x00000000fa4fbc28,0x00000000fa500000)
  to   space 30208K, 0% used [0x00000000fc200000,0x00000000fc200000,0x00000000fdf80000)
 ParOldGen       total 115200K, used 57157K [0x00000000e0000000, 0x00000000e7080000, 0x00000000f5580000)
  object space 115200K, 49% used [0x00000000e0000000,0x00000000e37d1438,0x00000000e7080000)
 Metaspace       used 78393K, capacity 85130K, committed 85424K, reserved 1122304K
  class space    used 9503K, capacity 11572K, committed 11696K, reserved 1048576K
}
Event: 368.169 GC heap before
{Heap before GC invocations=28 (full 9):
 PSYoungGen      total 81408K, used 495K [0x00000000f5580000, 0x00000000fdf80000, 0x0000000100000000)
  eden space 80896K, 0% used [0x00000000f5580000,0x00000000f5580000,0x00000000fa480000)
  from space 512K, 96% used [0x00000000fa480000,0x00000000fa4fbc28,0x00000000fa500000)
  to   space 30208K, 0% used [0x00000000fc200000,0x00000000fc200000,0x00000000fdf80000)
 ParOldGen       total 115200K, used 57157K [0x00000000e0000000, 0x00000000e7080000, 0x00000000f5580000)
  object space 115200K, 49% used [0x00000000e0000000,0x00000000e37d1438,0x00000000e7080000)
 Metaspace       used 78393K, capacity 85130K, committed 85424K, reserved 1122304K
  class space    used 9503K, capacity 11572K, committed 11696K, reserved 1048576K
Event: 368.407 GC heap after
Heap after GC invocations=28 (full 9):
 PSYoungGen      total 81408K, used 0K [0x00000000f5580000, 0x00000000fdf80000, 0x0000000100000000)
  eden space 80896K, 0% used [0x00000000f5580000,0x00000000f5580000,0x00000000fa480000)
  from space 512K, 0% used [0x00000000fa480000,0x00000000fa480000,0x00000000fa500000)
  to   space 30208K, 0% used [0x00000000fc200000,0x00000000fc200000,0x00000000fdf80000)
 ParOldGen       total 115200K, used 57125K [0x00000000e0000000, 0x00000000e7080000, 0x00000000f5580000)
  object space 115200K, 49% used [0x00000000e0000000,0x00000000e37c9400,0x00000000e7080000)
 Metaspace       used 78393K, capacity 85130K, committed 85424K, reserved 1122304K
  class space    used 9503K, capacity 11572K, committed 11696K, reserved 1048576K
}
Event: 1222.113 GC heap before
{Heap before GC invocations=29 (full 9):
 PSYoungGen      total 81408K, used 80896K [0x00000000f5580000, 0x00000000fdf80000, 0x0000000100000000)
  eden space 80896K, 100% used [0x00000000f5580000,0x00000000fa480000,0x00000000fa480000)
  from space 512K, 0% used [0x00000000fa480000,0x00000000fa480000,0x00000000fa500000)
  to   space 30208K, 0% used [0x00000000fc200000,0x00000000fc200000,0x00000000fdf80000)
 ParOldGen       total 115200K, used 57125K [0x00000000e0000000, 0x00000000e7080000, 0x00000000f5580000)
  object space 115200K, 49% used [0x00000000e0000000,0x00000000e37c9400,0x00000000e7080000)
 Metaspace       used 81512K, capacity 88968K, committed 89136K, reserved 1126400K
  class space    used 9853K, capacity 12076K, committed 12080K, reserved 1048576K
Event: 1222.119 GC heap after
Heap after GC invocations=29 (full 9):
 PSYoungGen      total 112640K, used 5622K [0x00000000f5580000, 0x00000000fe580000, 0x0000000100000000)
  eden space 82432K, 0% used [0x00000000f5580000,0x00000000f5580000,0x00000000fa600000)
  from space 30208K, 18% used [0x00000000fc200000,0x00000000fc77d978,0x00000000fdf80000)
  to   space 28672K, 0% used [0x00000000fa600000,0x00000000fa600000,0x00000000fc200000)
 ParOldGen       total 115200K, used 57133K [0x00000000e0000000, 0x00000000e7080000, 0x00000000f5580000)
  object space 115200K, 49% used [0x00000000e0000000,0x00000000e37cb400,0x00000000e7080000)
 Metaspace       used 81512K, capacity 88968K, committed 89136K, reserved 1126400K
  class space    used 9853K, capacity 12076K, committed 12080K, reserved 1048576K
}

