# JRE version: Java(TM) SE Runtime Environment (8.0_66-b18) (build 1.8.0_66-b18)
# Java VM: Java HotSpot(TM) 64-Bit Server VM (25.66-b18 mixed mode windows-amd64 compressed oops)
Heap:
 PSYoungGen      total 68608K, used 39077K [0x00000000f5580000, 0x00000000f9c80000, 0x0000000100000000)
  eden space 64512K, 60% used [0x00000000f5580000,0x00000000f7ba9538,0x00000000f9480000)
  from space 4096K, 0% used [0x00000000f9880000,0x00000000f9880000,0x00000000f9c80000)
  to   space 4096K, 0% used [0x00000000f9480000,0x00000000f9480000,0x00000000f9880000)
 ParOldGen       total 120320K, used 46584K [0x00000000e0000000, 0x00000000e7580000, 0x00000000f5580000)
  object space 120320K, 38% used [0x00000000e0000000,0x00000000e2d7e3e8,0x00000000e7580000)
 Metaspace       used 89026K, capacity 96168K, committed 96472K, reserved 1132544K
  class space    used 10606K, capacity 12862K, committed 13016K, reserved 1048576K
GC Heap History (10 events):
Event: 3003.069 GC heap before
{Heap before GC invocations=89 (full 37):
 PSYoungGen      total 68608K, used 224K [0x00000000f5580000, 0x00000000f9d80000, 0x0000000100000000)
  eden space 64512K, 0% used [0x00000000f5580000,0x00000000f5580000,0x00000000f9480000)
  from space 4096K, 5% used [0x00000000f9980000,0x00000000f99b8000,0x00000000f9d80000)
  to   space 4608K, 0% used [0x00000000f9480000,0x00000000f9480000,0x00000000f9900000)
 ParOldGen       total 120320K, used 46585K [0x00000000e0000000, 0x00000000e7580000, 0x00000000f5580000)
  object space 120320K, 38% used [0x00000000e0000000,0x00000000e2d7e590,0x00000000e7580000)
 Metaspace       used 87907K, capacity 95002K, committed 95448K, reserved 1132544K
  class space    used 10486K, capacity 12669K, committed 12760K, reserved 1048576K
Event: 3003.162 GC heap after
Heap after GC invocations=89 (full 37):
 PSYoungGen      total 68608K, used 0K [0x00000000f5580000, 0x00000000f9d80000, 0x0000000100000000)
  eden space 64512K, 0% used [0x00000000f5580000,0x00000000f5580000,0x00000000f9480000)
  from space 4096K, 0% used [0x00000000f9980000,0x00000000f9980000,0x00000000f9d80000)
  to   space 4608K, 0% used [0x00000000f9480000,0x00000000f9480000,0x00000000f9900000)
 ParOldGen       total 120320K, used 46584K [0x00000000e0000000, 0x00000000e7580000, 0x00000000f5580000)
  object space 120320K, 38% used [0x00000000e0000000,0x00000000e2d7e140,0x00000000e7580000)
 Metaspace       used 87907K, capacity 95002K, committed 95448K, reserved 1132544K
  class space    used 10486K, capacity 12669K, committed 12760K, reserved 1048576K
}
Event: 3063.066 GC heap before
{Heap before GC invocations=90 (full 37):
 PSYoungGen      total 68608K, used 6886K [0x00000000f5580000, 0x00000000f9d80000, 0x0000000100000000)
  eden space 64512K, 10% used [0x00000000f5580000,0x00000000f5c39b98,0x00000000f9480000)
  from space 4096K, 0% used [0x00000000f9980000,0x00000000f9980000,0x00000000f9d80000)
  to   space 4608K, 0% used [0x00000000f9480000,0x00000000f9480000,0x00000000f9900000)
 ParOldGen       total 120320K, used 46584K [0x00000000e0000000, 0x00000000e7580000, 0x00000000f5580000)
  object space 120320K, 38% used [0x00000000e0000000,0x00000000e2d7e140,0x00000000e7580000)
 Metaspace       used 87910K, capacity 95002K, committed 95448K, reserved 1132544K
  class space    used 10486K, capacity 12669K, committed 12760K, reserved 1048576K
Event: 3063.069 GC heap after
Heap after GC invocations=90 (full 37):
 PSYoungGen      total 65024K, used 512K [0x00000000f5580000, 0x00000000f9c80000, 0x0000000100000000)
  eden space 64512K, 0% used [0x00000000f5580000,0x00000000f5580000,0x00000000f9480000)
  from space 512K, 100% used [0x00000000f9480000,0x00000000f9500000,0x00000000f9500000)
  to   space 4096K, 0% used [0x00000000f9880000,0x00000000f9880000,0x00000000f9c80000)
 ParOldGen       total 120320K, used 46584K [0x00000000e0000000, 0x00000000e7580000, 0x00000000f5580000)
  object space 120320K, 38% used [0x00000000e0000000,0x00000000e2d7e140,0x00000000e7580000)
 Metaspace       used 87910K, capacity 95002K, committed 95448K, reserved 1132544K
  class space    used 10486K, capacity 12669K, committed 12760K, reserved 1048576K
}
Event: 3063.069 GC heap before
{Heap before GC invocations=91 (full 38):
 PSYoungGen      total 65024K, used 512K [0x00000000f5580000, 0x00000000f9c80000, 0x0000000100000000)
  eden space 64512K, 0% used [0x00000000f5580000,0x00000000f5580000,0x00000000f9480000)
  from space 512K, 100% used [0x00000000f9480000,0x00000000f9500000,0x00000000f9500000)
  to   space 4096K, 0% used [0x00000000f9880000,0x00000000f9880000,0x00000000f9c80000)
 ParOldGen       total 120320K, used 46584K [0x00000000e0000000, 0x00000000e7580000, 0x00000000f5580000)
  object space 120320K, 38% used [0x00000000e0000000,0x00000000e2d7e140,0x00000000e7580000)
 Metaspace       used 87910K, capacity 95002K, committed 95448K, reserved 1132544K
  class space    used 10486K, capacity 12669K, committed 12760K, reserved 1048576K
Event: 3063.164 GC heap after
Heap after GC invocations=91 (full 38):
 PSYoungGen      total 65024K, used 0K [0x00000000f5580000, 0x00000000f9c80000, 0x0000000100000000)
  eden space 64512K, 0% used [0x00000000f5580000,0x00000000f5580000,0x00000000f9480000)
  from space 512K, 0% used [0x00000000f9480000,0x00000000f9480000,0x00000000f9500000)
  to   space 4096K, 0% used [0x00000000f9880000,0x00000000f9880000,0x00000000f9c80000)
 ParOldGen       total 120320K, used 46731K [0x00000000e0000000, 0x00000000e7580000, 0x00000000f5580000)
  object space 120320K, 38% used [0x00000000e0000000,0x00000000e2da2d68,0x00000000e7580000)
 Metaspace       used 87910K, capacity 95002K, committed 95448K, reserved 1132544K
  class space    used 10486K, capacity 12669K, committed 12760K, reserved 1048576K
}
Event: 3123.080 GC heap before
{Heap before GC invocations=92 (full 38):
 PSYoungGen      total 65024K, used 1541K [0x00000000f5580000, 0x00000000f9c80000, 0x0000000100000000)
  eden space 64512K, 2% used [0x00000000f5580000,0x00000000f5701520,0x00000000f9480000)
  from space 512K, 0% used [0x00000000f9480000,0x00000000f9480000,0x00000000f9500000)
  to   space 4096K, 0% used [0x00000000f9880000,0x00000000f9880000,0x00000000f9c80000)
 ParOldGen       total 120320K, used 46731K [0x00000000e0000000, 0x00000000e7580000, 0x00000000f5580000)
  object space 120320K, 38% used [0x00000000e0000000,0x00000000e2da2d68,0x00000000e7580000)
 Metaspace       used 87910K, capacity 95002K, committed 95448K, reserved 1132544K
  class space    used 10486K, capacity 12669K, committed 12760K, reserved 1048576K
Event: 3123.083 GC heap after
Heap after GC invocations=92 (full 38):
 PSYoungGen      total 68608K, used 224K [0x00000000f5580000, 0x00000000f9c80000, 0x0000000100000000)
  eden space 64512K, 0% used [0x00000000f5580000,0x00000000f5580000,0x00000000f9480000)
  from space 4096K, 5% used [0x00000000f9880000,0x00000000f98b8000,0x00000000f9c80000)
  to   space 4096K, 0% used [0x00000000f9480000,0x00000000f9480000,0x00000000f9880000)
 ParOldGen       total 120320K, used 46731K [0x00000000e0000000, 0x00000000e7580000, 0x00000000f5580000)
  object space 120320K, 38% used [0x00000000e0000000,0x00000000e2da2d68,0x00000000e7580000)
 Metaspace       used 87910K, capacity 95002K, committed 95448K, reserved 1132544K
  class space    used 10486K, capacity 12669K, committed 12760K, reserved 1048576K
}
Event: 3123.083 GC heap before
{Heap before GC invocations=93 (full 39):
 PSYoungGen      total 68608K, used 224K [0x00000000f5580000, 0x00000000f9c80000, 0x0000000100000000)
  eden space 64512K, 0% used [0x00000000f5580000,0x00000000f5580000,0x00000000f9480000)
  from space 4096K, 5% used [0x00000000f9880000,0x00000000f98b8000,0x00000000f9c80000)
  to   space 4096K, 0% used [0x00000000f9480000,0x00000000f9480000,0x00000000f9880000)
 ParOldGen       total 120320K, used 46731K [0x00000000e0000000, 0x00000000e7580000, 0x00000000f5580000)
  object space 120320K, 38% used [0x00000000e0000000,0x00000000e2da2d68,0x00000000e7580000)
 Metaspace       used 87910K, capacity 95002K, committed 95448K, reserved 1132544K
  class space    used 10486K, capacity 12669K, committed 12760K, reserved 1048576K
Event: 3123.184 GC heap after
Heap after GC invocations=93 (full 39):
 PSYoungGen      total 68608K, used 0K [0x00000000f5580000, 0x00000000f9c80000, 0x0000000100000000)
  eden space 64512K, 0% used [0x00000000f5580000,0x00000000f5580000,0x00000000f9480000)
  from space 4096K, 0% used [0x00000000f9880000,0x00000000f9880000,0x00000000f9c80000)
  to   space 4096K, 0% used [0x00000000f9480000,0x00000000f9480000,0x00000000f9880000)
 ParOldGen       total 120320K, used 46584K [0x00000000e0000000, 0x00000000e7580000, 0x00000000f5580000)
  object space 120320K, 38% used [0x00000000e0000000,0x00000000e2d7e3e8,0x00000000e7580000)
 Metaspace       used 87910K, capacity 95002K, committed 95448K, reserved 1132544K
  class space    used 10486K, capacity 12669K, committed 12760K, reserved 1048576K
}

