# JRE version: Java(TM) SE Runtime Environment (8.0_66-b18) (build 1.8.0_66-b18)
# Java VM: Java HotSpot(TM) 64-Bit Server VM (25.66-b18 mixed mode windows-amd64 compressed oops)
Heap:
 PSYoungGen      total 148480K, used 126958K [0x00000000f5580000, 0x0000000100000000, 0x0000000100000000)
  eden space 122368K, 99% used [0x00000000f5580000,0x00000000fcca1e58,0x00000000fcd00000)
  from space 26112K, 19% used [0x00000000fcd00000,0x00000000fd1d9ca0,0x00000000fe680000)
  to   space 26112K, 0% used [0x00000000fe680000,0x00000000fe680000,0x0000000100000000)
 ParOldGen       total 102912K, used 57973K [0x00000000e0000000, 0x00000000e6480000, 0x00000000f5580000)
  object space 102912K, 56% used [0x00000000e0000000,0x00000000e389d7c8,0x00000000e6480000)
 Metaspace       used 83625K, capacity 90938K, committed 91184K, reserved 1128448K
  class space    used 10054K, capacity 12329K, committed 12336K, reserved 1048576K
GC Heap History (10 events):
Event: 66.177 GC heap before
{Heap before GC invocations=17 (full 3):
 PSYoungGen      total 109056K, used 32401K [0x00000000f5580000, 0x00000000ff100000, 0x0000000100000000)
  eden space 82944K, 15% used [0x00000000f5580000,0x00000000f61ea640,0x00000000fa680000)
  from space 26112K, 75% used [0x00000000fa680000,0x00000000fb9b9e40,0x00000000fc000000)
  to   space 27136K, 0% used [0x00000000fd680000,0x00000000fd680000,0x00000000ff100000)
 ParOldGen       total 102912K, used 45677K [0x00000000e0000000, 0x00000000e6480000, 0x00000000f5580000)
  object space 102912K, 44% used [0x00000000e0000000,0x00000000e2c9b750,0x00000000e6480000)
 Metaspace       used 79890K, capacity 86954K, committed 87088K, reserved 1124352K
  class space    used 9754K, capacity 11987K, committed 12080K, reserved 1048576K
Event: 66.190 GC heap after
Heap after GC invocations=17 (full 3):
 PSYoungGen      total 130048K, used 12938K [0x00000000f5580000, 0x00000000fef00000, 0x0000000100000000)
  eden space 104960K, 0% used [0x00000000f5580000,0x00000000f5580000,0x00000000fbc00000)
  from space 25088K, 51% used [0x00000000fd680000,0x00000000fe322970,0x00000000fef00000)
  to   space 26112K, 0% used [0x00000000fbc00000,0x00000000fbc00000,0x00000000fd580000)
 ParOldGen       total 102912K, used 45685K [0x00000000e0000000, 0x00000000e6480000, 0x00000000f5580000)
  object space 102912K, 44% used [0x00000000e0000000,0x00000000e2c9d750,0x00000000e6480000)
 Metaspace       used 79890K, capacity 86954K, committed 87088K, reserved 1124352K
  class space    used 9754K, capacity 11987K, committed 12080K, reserved 1048576K
}
Event: 66.190 GC heap before
{Heap before GC invocations=18 (full 4):
 PSYoungGen      total 130048K, used 12938K [0x00000000f5580000, 0x00000000fef00000, 0x0000000100000000)
  eden space 104960K, 0% used [0x00000000f5580000,0x00000000f5580000,0x00000000fbc00000)
  from space 25088K, 51% used [0x00000000fd680000,0x00000000fe322970,0x00000000fef00000)
  to   space 26112K, 0% used [0x00000000fbc00000,0x00000000fbc00000,0x00000000fd580000)
 ParOldGen       total 102912K, used 45685K [0x00000000e0000000, 0x00000000e6480000, 0x00000000f5580000)
  object space 102912K, 44% used [0x00000000e0000000,0x00000000e2c9d750,0x00000000e6480000)
 Metaspace       used 79890K, capacity 86954K, committed 87088K, reserved 1124352K
  class space    used 9754K, capacity 11987K, committed 12080K, reserved 1048576K
Event: 66.638 GC heap after
Heap after GC invocations=18 (full 4):
 PSYoungGen      total 130048K, used 0K [0x00000000f5580000, 0x00000000fef00000, 0x0000000100000000)
  eden space 104960K, 0% used [0x00000000f5580000,0x00000000f5580000,0x00000000fbc00000)
  from space 25088K, 0% used [0x00000000fd680000,0x00000000fd680000,0x00000000fef00000)
  to   space 26112K, 0% used [0x00000000fbc00000,0x00000000fbc00000,0x00000000fd580000)
 ParOldGen       total 102912K, used 57885K [0x00000000e0000000, 0x00000000e6480000, 0x00000000f5580000)
  object space 102912K, 56% used [0x00000000e0000000,0x00000000e38877b8,0x00000000e6480000)
 Metaspace       used 79890K, capacity 86954K, committed 87088K, reserved 1124352K
  class space    used 9754K, capacity 11987K, committed 12080K, reserved 1048576K
}
Event: 1581.445 GC heap before
{Heap before GC invocations=19 (full 4):
 PSYoungGen      total 130048K, used 104960K [0x00000000f5580000, 0x00000000fef00000, 0x0000000100000000)
  eden space 104960K, 100% used [0x00000000f5580000,0x00000000fbc00000,0x00000000fbc00000)
  from space 25088K, 0% used [0x00000000fd680000,0x00000000fd680000,0x00000000fef00000)
  to   space 26112K, 0% used [0x00000000fbc00000,0x00000000fbc00000,0x00000000fd580000)
 ParOldGen       total 102912K, used 57885K [0x00000000e0000000, 0x00000000e6480000, 0x00000000f5580000)
  object space 102912K, 56% used [0x00000000e0000000,0x00000000e38877b8,0x00000000e6480000)
 Metaspace       used 81714K, capacity 89174K, committed 89520K, reserved 1126400K
  class space    used 9884K, capacity 12105K, committed 12208K, reserved 1048576K
Event: 1581.452 GC heap after
Heap after GC invocations=19 (full 4):
 PSYoungGen      total 131072K, used 3963K [0x00000000f5580000, 0x0000000100000000, 0x0000000100000000)
  eden space 104960K, 0% used [0x00000000f5580000,0x00000000f5580000,0x00000000fbc00000)
  from space 26112K, 15% used [0x00000000fbc00000,0x00000000fbfdeec0,0x00000000fd580000)
  to   space 26112K, 0% used [0x00000000fe680000,0x00000000fe680000,0x0000000100000000)
 ParOldGen       total 102912K, used 57957K [0x00000000e0000000, 0x00000000e6480000, 0x00000000f5580000)
  object space 102912K, 56% used [0x00000000e0000000,0x00000000e38997c8,0x00000000e6480000)
 Metaspace       used 81714K, capacity 89174K, committed 89520K, reserved 1126400K
  class space    used 9884K, capacity 12105K, committed 12208K, reserved 1048576K
}
Event: 4416.898 GC heap before
{Heap before GC invocations=20 (full 4):
 PSYoungGen      total 131072K, used 108923K [0x00000000f5580000, 0x0000000100000000, 0x0000000100000000)
  eden space 104960K, 100% used [0x00000000f5580000,0x00000000fbc00000,0x00000000fbc00000)
  from space 26112K, 15% used [0x00000000fbc00000,0x00000000fbfdeec0,0x00000000fd580000)
  to   space 26112K, 0% used [0x00000000fe680000,0x00000000fe680000,0x0000000100000000)
 ParOldGen       total 102912K, used 57957K [0x00000000e0000000, 0x00000000e6480000, 0x00000000f5580000)
  object space 102912K, 56% used [0x00000000e0000000,0x00000000e38997c8,0x00000000e6480000)
 Metaspace       used 81926K, capacity 89302K, committed 89520K, reserved 1126400K
  class space    used 9898K, capacity 12105K, committed 12208K, reserved 1048576K
Event: 4416.904 GC heap after
Heap after GC invocations=20 (full 4):
 PSYoungGen      total 148480K, used 4775K [0x00000000f5580000, 0x0000000100000000, 0x0000000100000000)
  eden space 122368K, 0% used [0x00000000f5580000,0x00000000f5580000,0x00000000fcd00000)
  from space 26112K, 18% used [0x00000000fe680000,0x00000000feb29c80,0x0000000100000000)
  to   space 26112K, 0% used [0x00000000fcd00000,0x00000000fcd00000,0x00000000fe680000)
 ParOldGen       total 102912K, used 57965K [0x00000000e0000000, 0x00000000e6480000, 0x00000000f5580000)
  object space 102912K, 56% used [0x00000000e0000000,0x00000000e389b7c8,0x00000000e6480000)
 Metaspace       used 81926K, capacity 89302K, committed 89520K, reserved 1126400K
  class space    used 9898K, capacity 12105K, committed 12208K, reserved 1048576K
}
Event: 6303.412 GC heap before
{Heap before GC invocations=21 (full 4):
 PSYoungGen      total 148480K, used 127143K [0x00000000f5580000, 0x0000000100000000, 0x0000000100000000)
  eden space 122368K, 100% used [0x00000000f5580000,0x00000000fcd00000,0x00000000fcd00000)
  from space 26112K, 18% used [0x00000000fe680000,0x00000000feb29c80,0x0000000100000000)
  to   space 26112K, 0% used [0x00000000fcd00000,0x00000000fcd00000,0x00000000fe680000)
 ParOldGen       total 102912K, used 57965K [0x00000000e0000000, 0x00000000e6480000, 0x00000000f5580000)
  object space 102912K, 56% used [0x00000000e0000000,0x00000000e389b7c8,0x00000000e6480000)
 Metaspace       used 82514K, capacity 90134K, committed 90416K, reserved 1128448K
  class space    used 9941K, capacity 12233K, committed 12336K, reserved 1048576K
Event: 6303.418 GC heap after
Heap after GC invocations=21 (full 4):
 PSYoungGen      total 148480K, used 4967K [0x00000000f5580000, 0x0000000100000000, 0x0000000100000000)
  eden space 122368K, 0% used [0x00000000f5580000,0x00000000f5580000,0x00000000fcd00000)
  from space 26112K, 19% used [0x00000000fcd00000,0x00000000fd1d9ca0,0x00000000fe680000)
  to   space 26112K, 0% used [0x00000000fe680000,0x00000000fe680000,0x0000000100000000)
 ParOldGen       total 102912K, used 57973K [0x00000000e0000000, 0x00000000e6480000, 0x00000000f5580000)
  object space 102912K, 56% used [0x00000000e0000000,0x00000000e389d7c8,0x00000000e6480000)
 Metaspace       used 82514K, capacity 90134K, committed 90416K, reserved 1128448K
  class space    used 9941K, capacity 12233K, committed 12336K, reserved 1048576K
}

